<?xml version="1.0" encoding="UTF-8"?>
<testng-results skipped="0" failed="1" ignored="0" total="1" passed="0">
  <reporter-output>
  </reporter-output>
  <suite name="Default suite" duration-ms="29033" started-at="2020-07-07T10:05:19Z" finished-at="2020-07-07T10:05:48Z">
    <groups>
    </groups>
    <test name="Default test" duration-ms="29033" started-at="2020-07-07T10:05:19Z" finished-at="2020-07-07T10:05:48Z">
      <class name="MavenDemo.BizgazeMaven.ModuleCities">
        <test-method status="PASS" signature="extentReport()[pri:0, instance:MavenDemo.BizgazeMaven.ModuleCities@54c562f7]" name="extentReport" is-config="true" duration-ms="126" started-at="2020-07-07T10:05:19Z" finished-at="2020-07-07T10:05:19Z">
          <reporter-output>
          </reporter-output>
        </test-method> <!-- extentReport -->
        <test-method status="PASS" signature="openBrowser()[pri:0, instance:MavenDemo.BizgazeMaven.ModuleCities@54c562f7]" name="openBrowser" is-config="true" duration-ms="3784" started-at="2020-07-07T10:05:19Z" finished-at="2020-07-07T10:05:23Z">
          <reporter-output>
          </reporter-output>
        </test-method> <!-- openBrowser -->
        <test-method status="PASS" signature="login()[pri:0, instance:MavenDemo.BizgazeMaven.ModuleCities@54c562f7]" name="login" is-config="true" duration-ms="5201" started-at="2020-07-07T10:05:23Z" finished-at="2020-07-07T10:05:28Z">
          <reporter-output>
          </reporter-output>
        </test-method> <!-- login -->
        <test-method status="PASS" signature="handleWindowPopup()[pri:0, instance:MavenDemo.BizgazeMaven.ModuleCities@54c562f7]" name="handleWindowPopup" is-config="true" duration-ms="5360" started-at="2020-07-07T10:05:28Z" finished-at="2020-07-07T10:05:33Z">
          <reporter-output>
          </reporter-output>
        </test-method> <!-- handleWindowPopup -->
        <test-method status="FAIL" signature="testCreatecity()[pri:1, instance:MavenDemo.BizgazeMaven.ModuleCities@54c562f7]" name="testCreatecity" duration-ms="14652" started-at="2020-07-07T10:05:33Z" finished-at="2020-07-07T10:05:48Z">
          <exception class="org.openqa.selenium.TimeoutException">
            <message>
              <![CDATA[Expected condition failed: waiting for visibility of element located by By.xpath: //*[@id='bizgaze_body']/div[8]/div (tried for 3 second(s) with 500 milliseconds interval)
Build info: version: '3.141.59', revision: 'e82be7d358', time: '2018-11-14T08:17:03'
System info: host: 'DESKTOP-GS5ECRN', ip: '192.168.43.247', os.name: 'Windows 10', os.arch: 'amd64', os.version: '10.0', java.version: '1.8.0_241'
Driver info: org.openqa.selenium.chrome.ChromeDriver
Capabilities {acceptInsecureCerts: false, browserName: chrome, browserVersion: 83.0.4103.116, chrome: {chromedriverVersion: 83.0.4103.39 (ccbf011cb2d2b..., userDataDir: C:\Users\Shiva\AppData\Loca...}, goog:chromeOptions: {debuggerAddress: localhost:55427}, javascriptEnabled: true, networkConnectionEnabled: false, pageLoadStrategy: normal, platform: WINDOWS, platformName: WINDOWS, proxy: Proxy(), setWindowRect: true, strictFileInteractability: false, timeouts: {implicit: 0, pageLoad: 300000, script: 30000}, unhandledPromptBehavior: dismiss and notify, webauthn:virtualAuthenticators: true}
Session ID: 7837d96ebae6bc6d307f796a5492154b]]>
            </message>
            <full-stacktrace>
              <![CDATA[org.openqa.selenium.TimeoutException: Expected condition failed: waiting for visibility of element located by By.xpath: //*[@id='bizgaze_body']/div[8]/div (tried for 3 second(s) with 500 milliseconds interval)
Build info: version: '3.141.59', revision: 'e82be7d358', time: '2018-11-14T08:17:03'
System info: host: 'DESKTOP-GS5ECRN', ip: '192.168.43.247', os.name: 'Windows 10', os.arch: 'amd64', os.version: '10.0', java.version: '1.8.0_241'
Driver info: org.openqa.selenium.chrome.ChromeDriver
Capabilities {acceptInsecureCerts: false, browserName: chrome, browserVersion: 83.0.4103.116, chrome: {chromedriverVersion: 83.0.4103.39 (ccbf011cb2d2b..., userDataDir: C:\Users\Shiva\AppData\Loca...}, goog:chromeOptions: {debuggerAddress: localhost:55427}, javascriptEnabled: true, networkConnectionEnabled: false, pageLoadStrategy: normal, platform: WINDOWS, platformName: WINDOWS, proxy: Proxy(), setWindowRect: true, strictFileInteractability: false, timeouts: {implicit: 0, pageLoad: 300000, script: 30000}, unhandledPromptBehavior: dismiss and notify, webauthn:virtualAuthenticators: true}
Session ID: 7837d96ebae6bc6d307f796a5492154b
at org.openqa.selenium.support.ui.WebDriverWait.timeoutException(WebDriverWait.java:95)
at org.openqa.selenium.support.ui.FluentWait.until(FluentWait.java:272)
at MavenDemo.BizgazeMaven.ModuleCities.testCreatecity(ModuleCities.java:55)
at sun.reflect.NativeMethodAccessorImpl.invoke0(Native Method)
at sun.reflect.NativeMethodAccessorImpl.invoke(Unknown Source)
at sun.reflect.DelegatingMethodAccessorImpl.invoke(Unknown Source)
at java.lang.reflect.Method.invoke(Unknown Source)
at org.testng.internal.MethodInvocationHelper.invokeMethod(MethodInvocationHelper.java:124)
at org.testng.internal.Invoker.invokeMethod(Invoker.java:583)
at org.testng.internal.Invoker.invokeTestMethod(Invoker.java:719)
at org.testng.internal.Invoker.invokeTestMethods(Invoker.java:989)
at org.testng.internal.TestMethodWorker.invokeTestMethods(TestMethodWorker.java:125)
at org.testng.internal.TestMethodWorker.run(TestMethodWorker.java:109)
at org.testng.TestRunner.privateRun(TestRunner.java:648)
at org.testng.TestRunner.run(TestRunner.java:505)
at org.testng.SuiteRunner.runTest(SuiteRunner.java:455)
at org.testng.SuiteRunner.runSequentially(SuiteRunner.java:450)
at org.testng.SuiteRunner.privateRun(SuiteRunner.java:415)
at org.testng.SuiteRunner.run(SuiteRunner.java:364)
at org.testng.SuiteRunnerWorker.runSuite(SuiteRunnerWorker.java:52)
at org.testng.SuiteRunnerWorker.run(SuiteRunnerWorker.java:84)
at org.testng.TestNG.runSuitesSequentially(TestNG.java:1208)
at org.testng.TestNG.runSuitesLocally(TestNG.java:1137)
at org.testng.TestNG.runSuites(TestNG.java:1049)
at org.testng.TestNG.run(TestNG.java:1017)
at org.testng.remote.AbstractRemoteTestNG.run(AbstractRemoteTestNG.java:115)
at org.testng.remote.RemoteTestNG.initAndRun(RemoteTestNG.java:251)
at org.testng.remote.RemoteTestNG.main(RemoteTestNG.java:77)
]]>
            </full-stacktrace>
          </exception> <!-- org.openqa.selenium.TimeoutException -->
          <reporter-output>
          </reporter-output>
        </test-method> <!-- testCreatecity -->
        <test-method status="PASS" signature="result(org.testng.ITestResult)[pri:0, instance:MavenDemo.BizgazeMaven.ModuleCities@54c562f7]" name="result" is-config="true" duration-ms="9" started-at="2020-07-07T10:05:48Z" finished-at="2020-07-07T10:05:48Z">
          <params>
            <param index="0">
              <value>
                <![CDATA[[TestResult name=testCreatecity status=FAILURE method=ModuleCities.testCreatecity()[pri:1, instance:MavenDemo.BizgazeMaven.ModuleCities@54c562f7] output={null}]]]>
              </value>
            </param>
          </params>
          <reporter-output>
          </reporter-output>
        </test-method> <!-- result -->
        <test-method status="PASS" signature="tearDown()[pri:0, instance:MavenDemo.BizgazeMaven.ModuleCities@54c562f7]" name="tearDown" is-config="true" duration-ms="796" started-at="2020-07-07T10:05:48Z" finished-at="2020-07-07T10:05:49Z">
          <reporter-output>
          </reporter-output>
        </test-method> <!-- tearDown -->
      </class> <!-- MavenDemo.BizgazeMaven.ModuleCities -->
    </test> <!-- Default test -->
  </suite> <!-- Default suite -->
</testng-results>
